Determining if the function crc32c_value exists in the crc32c failed with the following output:
Change Dir: /home/suresh/CBDC/CBDCUI/cbdc/opencbdc-tx/leveldb-1.23-Debug/CMakeFiles/CMakeTmp

Run Build Command(s):/usr/bin/make cmTC_0f950/fast && /usr/bin/make -f CMakeFiles/cmTC_0f950.dir/build.make CMakeFiles/cmTC_0f950.dir/build
make[1]: Entering directory '/home/suresh/CBDC/CBDCUI/cbdc/opencbdc-tx/leveldb-1.23-Debug/CMakeFiles/CMakeTmp'
Building C object CMakeFiles/cmTC_0f950.dir/CheckFunctionExists.c.o
/usr/bin/cc   -DCHECK_FUNCTION_EXISTS=crc32c_value   -std=c11 -o CMakeFiles/cmTC_0f950.dir/CheckFunctionExists.c.o   -c /usr/share/cmake-3.16/Modules/CheckFunctionExists.c
Linking C executable cmTC_0f950
/usr/bin/cmake -E cmake_link_script CMakeFiles/cmTC_0f950.dir/link.txt --verbose=1
/usr/bin/cc  -DCHECK_FUNCTION_EXISTS=crc32c_value    CMakeFiles/cmTC_0f950.dir/CheckFunctionExists.c.o  -o cmTC_0f950  -lcrc32c 
/usr/bin/ld: cannot find -lcrc32c
collect2: error: ld returned 1 exit status
make[1]: *** [CMakeFiles/cmTC_0f950.dir/build.make:87: cmTC_0f950] Error 1
make[1]: Leaving directory '/home/suresh/CBDC/CBDCUI/cbdc/opencbdc-tx/leveldb-1.23-Debug/CMakeFiles/CMakeTmp'
make: *** [Makefile:121: cmTC_0f950/fast] Error 2



Determining if the function snappy_compress exists in the snappy failed with the following output:
Change Dir: /home/suresh/CBDC/CBDCUI/cbdc/opencbdc-tx/leveldb-1.23-Debug/CMakeFiles/CMakeTmp

Run Build Command(s):/usr/bin/make cmTC_ca75d/fast && /usr/bin/make -f CMakeFiles/cmTC_ca75d.dir/build.make CMakeFiles/cmTC_ca75d.dir/build
make[1]: Entering directory '/home/suresh/CBDC/CBDCUI/cbdc/opencbdc-tx/leveldb-1.23-Debug/CMakeFiles/CMakeTmp'
Building C object CMakeFiles/cmTC_ca75d.dir/CheckFunctionExists.c.o
/usr/bin/cc   -DCHECK_FUNCTION_EXISTS=snappy_compress   -std=c11 -o CMakeFiles/cmTC_ca75d.dir/CheckFunctionExists.c.o   -c /usr/share/cmake-3.16/Modules/CheckFunctionExists.c
Linking C executable cmTC_ca75d
/usr/bin/cmake -E cmake_link_script CMakeFiles/cmTC_ca75d.dir/link.txt --verbose=1
/usr/bin/cc  -DCHECK_FUNCTION_EXISTS=snappy_compress    CMakeFiles/cmTC_ca75d.dir/CheckFunctionExists.c.o  -o cmTC_ca75d  -lsnappy 
/usr/bin/ld: cannot find -lsnappy
collect2: error: ld returned 1 exit status
make[1]: *** [CMakeFiles/cmTC_ca75d.dir/build.make:87: cmTC_ca75d] Error 1
make[1]: Leaving directory '/home/suresh/CBDC/CBDCUI/cbdc/opencbdc-tx/leveldb-1.23-Debug/CMakeFiles/CMakeTmp'
make: *** [Makefile:121: cmTC_ca75d/fast] Error 2



Determining if the function malloc exists in the tcmalloc failed with the following output:
Change Dir: /home/suresh/CBDC/CBDCUI/cbdc/opencbdc-tx/leveldb-1.23-Debug/CMakeFiles/CMakeTmp

Run Build Command(s):/usr/bin/make cmTC_1836e/fast && /usr/bin/make -f CMakeFiles/cmTC_1836e.dir/build.make CMakeFiles/cmTC_1836e.dir/build
make[1]: Entering directory '/home/suresh/CBDC/CBDCUI/cbdc/opencbdc-tx/leveldb-1.23-Debug/CMakeFiles/CMakeTmp'
Building C object CMakeFiles/cmTC_1836e.dir/CheckFunctionExists.c.o
/usr/bin/cc   -DCHECK_FUNCTION_EXISTS=malloc   -std=c11 -o CMakeFiles/cmTC_1836e.dir/CheckFunctionExists.c.o   -c /usr/share/cmake-3.16/Modules/CheckFunctionExists.c
<command-line>: warning: conflicting types for built-in function ‘malloc’; expected ‘void *(long unsigned int)’ [-Wbuiltin-declaration-mismatch]
/usr/share/cmake-3.16/Modules/CheckFunctionExists.c:7:3: note: in expansion of macro ‘CHECK_FUNCTION_EXISTS’
    7 |   CHECK_FUNCTION_EXISTS(void);
      |   ^~~~~~~~~~~~~~~~~~~~~
/usr/share/cmake-3.16/Modules/CheckFunctionExists.c:1:1: note: ‘malloc’ is declared in header ‘<stdlib.h>’
  +++ |+#include <stdlib.h>
    1 | #ifdef CHECK_FUNCTION_EXISTS
Linking C executable cmTC_1836e
/usr/bin/cmake -E cmake_link_script CMakeFiles/cmTC_1836e.dir/link.txt --verbose=1
/usr/bin/cc  -DCHECK_FUNCTION_EXISTS=malloc    CMakeFiles/cmTC_1836e.dir/CheckFunctionExists.c.o  -o cmTC_1836e  -ltcmalloc 
/usr/bin/ld: cannot find -ltcmalloc
collect2: error: ld returned 1 exit status
make[1]: *** [CMakeFiles/cmTC_1836e.dir/build.make:87: cmTC_1836e] Error 1
make[1]: Leaving directory '/home/suresh/CBDC/CBDCUI/cbdc/opencbdc-tx/leveldb-1.23-Debug/CMakeFiles/CMakeTmp'
make: *** [Makefile:121: cmTC_1836e/fast] Error 2



Determining if the F_FULLFSYNC exist failed with the following output:
Change Dir: /home/suresh/CBDC/CBDCUI/cbdc/opencbdc-tx/leveldb-1.23-Debug/CMakeFiles/CMakeTmp

Run Build Command(s):/usr/bin/make cmTC_8d9de/fast && /usr/bin/make -f CMakeFiles/cmTC_8d9de.dir/build.make CMakeFiles/cmTC_8d9de.dir/build
make[1]: Entering directory '/home/suresh/CBDC/CBDCUI/cbdc/opencbdc-tx/leveldb-1.23-Debug/CMakeFiles/CMakeTmp'
Building CXX object CMakeFiles/cmTC_8d9de.dir/CheckSymbolExists.cxx.o
/usr/bin/c++    -std=c++11 -o CMakeFiles/cmTC_8d9de.dir/CheckSymbolExists.cxx.o -c /home/suresh/CBDC/CBDCUI/cbdc/opencbdc-tx/leveldb-1.23-Debug/CMakeFiles/CMakeTmp/CheckSymbolExists.cxx
/home/suresh/CBDC/CBDCUI/cbdc/opencbdc-tx/leveldb-1.23-Debug/CMakeFiles/CMakeTmp/CheckSymbolExists.cxx: In function ‘int main(int, char**)’:
/home/suresh/CBDC/CBDCUI/cbdc/opencbdc-tx/leveldb-1.23-Debug/CMakeFiles/CMakeTmp/CheckSymbolExists.cxx:8:19: error: ‘F_FULLFSYNC’ was not declared in this scope
    8 |   return ((int*)(&F_FULLFSYNC))[argc];
      |                   ^~~~~~~~~~~
make[1]: *** [CMakeFiles/cmTC_8d9de.dir/build.make:66: CMakeFiles/cmTC_8d9de.dir/CheckSymbolExists.cxx.o] Error 1
make[1]: Leaving directory '/home/suresh/CBDC/CBDCUI/cbdc/opencbdc-tx/leveldb-1.23-Debug/CMakeFiles/CMakeTmp'
make: *** [Makefile:121: cmTC_8d9de/fast] Error 2


File /home/suresh/CBDC/CBDCUI/cbdc/opencbdc-tx/leveldb-1.23-Debug/CMakeFiles/CMakeTmp/CheckSymbolExists.cxx:
/* */
#include <fcntl.h>

int main(int argc, char** argv)
{
  (void)argv;
#ifndef F_FULLFSYNC
  return ((int*)(&F_FULLFSYNC))[argc];
#else
  (void)argc;
  return 0;
#endif
}
Performing C++ SOURCE FILE Test HAVE_CLANG_THREAD_SAFETY failed with the following output:
Change Dir: /home/suresh/CBDC/CBDCUI/cbdc/opencbdc-tx/leveldb-1.23-Debug/CMakeFiles/CMakeTmp

Run Build Command(s):/usr/bin/make cmTC_4088b/fast && /usr/bin/make -f CMakeFiles/cmTC_4088b.dir/build.make CMakeFiles/cmTC_4088b.dir/build
make[1]: Entering directory '/home/suresh/CBDC/CBDCUI/cbdc/opencbdc-tx/leveldb-1.23-Debug/CMakeFiles/CMakeTmp'
Building CXX object CMakeFiles/cmTC_4088b.dir/src.cxx.o
/usr/bin/c++    -fno-exceptions -fno-rtti -DHAVE_CLANG_THREAD_SAFETY   -Wthread-safety -std=c++11 -o CMakeFiles/cmTC_4088b.dir/src.cxx.o -c /home/suresh/CBDC/CBDCUI/cbdc/opencbdc-tx/leveldb-1.23-Debug/CMakeFiles/CMakeTmp/src.cxx
c++: error: unrecognized command line option '-Wthread-safety'
make[1]: *** [CMakeFiles/cmTC_4088b.dir/build.make:66: CMakeFiles/cmTC_4088b.dir/src.cxx.o] Error 1
make[1]: Leaving directory '/home/suresh/CBDC/CBDCUI/cbdc/opencbdc-tx/leveldb-1.23-Debug/CMakeFiles/CMakeTmp'
make: *** [Makefile:121: cmTC_4088b/fast] Error 2


Source file was:
int main() { return 0; }
Performing C SOURCE FILE Test CMAKE_HAVE_LIBC_PTHREAD failed with the following output:
Change Dir: /home/suresh/CBDC/CBDCUI/cbdc/opencbdc-tx/leveldb-1.23-Debug/CMakeFiles/CMakeTmp

Run Build Command(s):/usr/bin/make cmTC_540f8/fast && /usr/bin/make -f CMakeFiles/cmTC_540f8.dir/build.make CMakeFiles/cmTC_540f8.dir/build
make[1]: Entering directory '/home/suresh/CBDC/CBDCUI/cbdc/opencbdc-tx/leveldb-1.23-Debug/CMakeFiles/CMakeTmp'
Building C object CMakeFiles/cmTC_540f8.dir/src.c.o
/usr/bin/cc   -Wstrict-prototypes -DCMAKE_HAVE_LIBC_PTHREAD   -std=c11 -o CMakeFiles/cmTC_540f8.dir/src.c.o   -c /home/suresh/CBDC/CBDCUI/cbdc/opencbdc-tx/leveldb-1.23-Debug/CMakeFiles/CMakeTmp/src.c
Linking C executable cmTC_540f8
/usr/bin/cmake -E cmake_link_script CMakeFiles/cmTC_540f8.dir/link.txt --verbose=1
/usr/bin/cc  -Wstrict-prototypes -DCMAKE_HAVE_LIBC_PTHREAD    CMakeFiles/cmTC_540f8.dir/src.c.o  -o cmTC_540f8 
/usr/bin/ld: CMakeFiles/cmTC_540f8.dir/src.c.o: in function `main':
src.c:(.text+0x46): undefined reference to `pthread_create'
/usr/bin/ld: src.c:(.text+0x52): undefined reference to `pthread_detach'
/usr/bin/ld: src.c:(.text+0x63): undefined reference to `pthread_join'
collect2: error: ld returned 1 exit status
make[1]: *** [CMakeFiles/cmTC_540f8.dir/build.make:87: cmTC_540f8] Error 1
make[1]: Leaving directory '/home/suresh/CBDC/CBDCUI/cbdc/opencbdc-tx/leveldb-1.23-Debug/CMakeFiles/CMakeTmp'
make: *** [Makefile:121: cmTC_540f8/fast] Error 2


Source file was:
#include <pthread.h>

void* test_func(void* data)
{
  return data;
}

int main(void)
{
  pthread_t thread;
  pthread_create(&thread, NULL, test_func, NULL);
  pthread_detach(thread);
  pthread_join(thread, NULL);
  pthread_atfork(NULL, NULL, NULL);
  pthread_exit(NULL);

  return 0;
}

Determining if the function pthread_create exists in the pthreads failed with the following output:
Change Dir: /home/suresh/CBDC/CBDCUI/cbdc/opencbdc-tx/leveldb-1.23-Debug/CMakeFiles/CMakeTmp

Run Build Command(s):/usr/bin/make cmTC_9f89a/fast && /usr/bin/make -f CMakeFiles/cmTC_9f89a.dir/build.make CMakeFiles/cmTC_9f89a.dir/build
make[1]: Entering directory '/home/suresh/CBDC/CBDCUI/cbdc/opencbdc-tx/leveldb-1.23-Debug/CMakeFiles/CMakeTmp'
Building C object CMakeFiles/cmTC_9f89a.dir/CheckFunctionExists.c.o
/usr/bin/cc   -Wstrict-prototypes -DCHECK_FUNCTION_EXISTS=pthread_create   -std=c11 -o CMakeFiles/cmTC_9f89a.dir/CheckFunctionExists.c.o   -c /usr/share/cmake-3.16/Modules/CheckFunctionExists.c
Linking C executable cmTC_9f89a
/usr/bin/cmake -E cmake_link_script CMakeFiles/cmTC_9f89a.dir/link.txt --verbose=1
/usr/bin/cc  -Wstrict-prototypes -DCHECK_FUNCTION_EXISTS=pthread_create    CMakeFiles/cmTC_9f89a.dir/CheckFunctionExists.c.o  -o cmTC_9f89a  -lpthreads 
/usr/bin/ld: cannot find -lpthreads
collect2: error: ld returned 1 exit status
make[1]: *** [CMakeFiles/cmTC_9f89a.dir/build.make:87: cmTC_9f89a] Error 1
make[1]: Leaving directory '/home/suresh/CBDC/CBDCUI/cbdc/opencbdc-tx/leveldb-1.23-Debug/CMakeFiles/CMakeTmp'
make: *** [Makefile:121: cmTC_9f89a/fast] Error 2



